2025-04-28 11:42:00 | WARN | repo=portafolioAnalisisDatos | action=commit
2025-03-11 08:45:00 | WARN | repo=portafolioAnalisisDatos | action=commit
2025-07-17 18:33:00 | INFO | repo=portafolioAnalisisDatos | action=commit
2025-09-25 16:33:00 | DEBUG | repo=portafolioAnalisisDatos | action=test | passed=true
2025-03-19 15:27:00 | WARN | repo=portafolioAnalisisDatos | action=commit
2025-10-03 07:41:00 | INFO | repo=portafolioAnalisisDatos | action=commit
2025-10-08 14:16:00 | DEBUG | repo=portafolioAnalisisDatos | action=test | passed=true
2025-12-22 16:27:00 | INFO | repo=portafolioAnalisisDatos | action=commit
2025-02-08 12:00:00 | INFO | repo=portafolioAnalisisDatos | action=commit
2025-04-18 08:28:00 | DEBUG | repo=portafolioAnalisisDatos | action=commit
2025-09-28 16:23:00 | DEBUG | repo=portafolioAnalisisDatos | action=commit
2025-08-17 07:06:00 | INFO | repo=portafolioAnalisisDatos | action=commit
2025-10-12 16:02:00 | WARN | repo=portafolioAnalisisDatos | action=commit
2025-02-07 15:31:00 | WARN | repo=portafolioAnalisisDatos | action=commit
2025-04-10 09:30:00 | DEBUG | repo=portafolioAnalisisDatos | action=edit | files=2
2025-08-08 21:53:00 | INFO | repo=portafolioAnalisisDatos | action=commit
2025-06-20 14:46:00 | INFO | repo=portafolioAnalisisDatos | action=test | passed=true
2025-04-10 20:54:00 | DEBUG | repo=portafolioAnalisisDatos | action=commit
2025-09-07 17:32:00 | INFO | repo=portafolioAnalisisDatos | action=commit
2025-10-18 13:52:00 | DEBUG | repo=portafolioAnalisisDatos | action=commit
2025-07-12 19:10:00 | INFO | repo=portafolioAnalisisDatos | action=commit
2025-10-15 15:45:00 | INFO | repo=portafolioAnalisisDatos | action=commit
2025-02-19 18:57:00 | INFO | repo=portafolioAnalisisDatos | action=commit
2025-01-20 18:26:00 | WARN | repo=portafolioAnalisisDatos | action=edit | files=4
2025-08-21 14:38:00 | INFO | repo=portafolioAnalisisDatos | action=commit
2025-12-26 08:38:00 | WARN | repo=portafolioAnalisisDatos | action=commit
2025-03-16 16:59:00 | INFO | repo=portafolioAnalisisDatos | action=test | passed=true
2025-01-09 13:17:00 | WARN | repo=portafolioAnalisisDatos | action=commit
2025-01-09 08:43:00 | INFO | repo=portafolioAnalisisDatos | action=commit
2025-08-18 13:40:00 | INFO | repo=portafolioAnalisisDatos | action=edit | files=5
2025-07-26 18:34:00 | DEBUG | repo=portafolioAnalisisDatos | action=commit
2025-04-28 18:05:00 | INFO | repo=portafolioAnalisisDatos | action=commit
